# JRE version: OpenJDK Runtime Environment Temurin-21.0.5+11 (21.0.5+11) (build 21.0.5+11-LTS)
# Java VM: OpenJDK 64-Bit Server VM Temurin-21.0.5+11 (21.0.5+11-LTS, mixed mode, sharing, tiered, compressed oops, compressed class ptrs, g1 gc, windows-amd64)
GC Precious Log:
 CardTable entry size: 512
 Card Set container configuration: InlinePtr #cards 5 size 8 Array Of Cards #cards 12 size 40 Howl #buckets 4 coarsen threshold 1843 Howl Bitmap #cards 512 size 80 coarsen threshold 460 Card regions per heap region 1 cards per card region 2048
 CPUs: 2 total, 2 available
 Memory: 3895M
 Large Page Support: Disabled
 NUMA Support: Disabled
 Compressed Oops: Enabled (32-bit)
 Heap Region Size: 1M
 Heap Min Capacity: 8M
 Heap Initial Capacity: 62M
 Heap Max Capacity: 974M
 Pre-touch: Disabled
 Parallel Workers: 2
 Concurrent Workers: 1
 Concurrent Refinement Workers: 2
 Periodic GC: Disabled
Heap:
 garbage-first heap   total 58368K, used 41858K [0x00000000c3200000, 0x0000000100000000)
  region size 1024K, 16 young (16384K), 4 survivors (4096K)
 Metaspace       used 67926K, committed 68608K, reserved 1114112K
  class space    used 8974K, committed 9280K, reserved 1048576K
GC Heap History (20 events):
Event: 11.660 GC heap before
{Heap before GC invocations=9 (full 0):
 garbage-first heap   total 48128K, used 38898K [0x00000000c3200000, 0x0000000100000000)
  region size 1024K, 25 young (25600K), 3 survivors (3072K)
 Metaspace       used 29769K, committed 30272K, reserved 1114112K
  class space    used 3696K, committed 3904K, reserved 1048576K
}
Event: 11.673 GC heap after
{Heap after GC invocations=10 (full 0):
 garbage-first heap   total 48128K, used 18432K [0x00000000c3200000, 0x0000000100000000)
  region size 1024K, 2 young (2048K), 2 survivors (2048K)
 Metaspace       used 29769K, committed 30272K, reserved 1114112K
  class space    used 3696K, committed 3904K, reserved 1048576K
}
Event: 13.276 GC heap before
{Heap before GC invocations=10 (full 0):
 garbage-first heap   total 48128K, used 39936K [0x00000000c3200000, 0x0000000100000000)
  region size 1024K, 24 young (24576K), 2 survivors (2048K)
 Metaspace       used 35207K, committed 35776K, reserved 1114112K
  class space    used 4484K, committed 4736K, reserved 1048576K
}
Event: 13.285 GC heap after
{Heap after GC invocations=11 (full 0):
 garbage-first heap   total 48128K, used 19876K [0x00000000c3200000, 0x0000000100000000)
  region size 1024K, 2 young (2048K), 2 survivors (2048K)
 Metaspace       used 35207K, committed 35776K, reserved 1114112K
  class space    used 4484K, committed 4736K, reserved 1048576K
}
Event: 13.492 GC heap before
{Heap before GC invocations=11 (full 0):
 garbage-first heap   total 48128K, used 19876K [0x00000000c3200000, 0x0000000100000000)
  region size 1024K, 3 young (3072K), 2 survivors (2048K)
 Metaspace       used 35447K, committed 35968K, reserved 1114112K
  class space    used 4529K, committed 4736K, reserved 1048576K
}
Event: 13.499 GC heap after
{Heap after GC invocations=12 (full 0):
 garbage-first heap   total 48128K, used 19742K [0x00000000c3200000, 0x0000000100000000)
  region size 1024K, 2 young (2048K), 2 survivors (2048K)
 Metaspace       used 35447K, committed 35968K, reserved 1114112K
  class space    used 4529K, committed 4736K, reserved 1048576K
}
Event: 15.000 GC heap before
{Heap before GC invocations=13 (full 0):
 garbage-first heap   total 48128K, used 41246K [0x00000000c3200000, 0x0000000100000000)
  region size 1024K, 23 young (23552K), 2 survivors (2048K)
 Metaspace       used 44779K, committed 45312K, reserved 1114112K
  class space    used 5652K, committed 5888K, reserved 1048576K
}
Event: 15.011 GC heap after
{Heap after GC invocations=14 (full 0):
 garbage-first heap   total 58368K, used 21926K [0x00000000c3200000, 0x0000000100000000)
  region size 1024K, 3 young (3072K), 3 survivors (3072K)
 Metaspace       used 44779K, committed 45312K, reserved 1114112K
  class space    used 5652K, committed 5888K, reserved 1048576K
}
Event: 16.807 GC heap before
{Heap before GC invocations=14 (full 0):
 garbage-first heap   total 58368K, used 49574K [0x00000000c3200000, 0x0000000100000000)
  region size 1024K, 31 young (31744K), 3 survivors (3072K)
 Metaspace       used 53448K, committed 54016K, reserved 1114112K
  class space    used 6821K, committed 7104K, reserved 1048576K
}
Event: 16.820 GC heap after
{Heap after GC invocations=15 (full 0):
 garbage-first heap   total 58368K, used 23375K [0x00000000c3200000, 0x0000000100000000)
  region size 1024K, 4 young (4096K), 4 survivors (4096K)
 Metaspace       used 53448K, committed 54016K, reserved 1114112K
  class space    used 6821K, committed 7104K, reserved 1048576K
}
Event: 18.370 GC heap before
{Heap before GC invocations=15 (full 0):
 garbage-first heap   total 58368K, used 47951K [0x00000000c3200000, 0x0000000100000000)
  region size 1024K, 29 young (29696K), 4 survivors (4096K)
 Metaspace       used 59211K, committed 59904K, reserved 1114112K
  class space    used 7767K, committed 8064K, reserved 1048576K
}
Event: 18.382 GC heap after
{Heap after GC invocations=16 (full 0):
 garbage-first heap   total 58368K, used 25308K [0x00000000c3200000, 0x0000000100000000)
  region size 1024K, 4 young (4096K), 4 survivors (4096K)
 Metaspace       used 59211K, committed 59904K, reserved 1114112K
  class space    used 7767K, committed 8064K, reserved 1048576K
}
Event: 18.451 GC heap before
{Heap before GC invocations=16 (full 0):
 garbage-first heap   total 58368K, used 25308K [0x00000000c3200000, 0x0000000100000000)
  region size 1024K, 5 young (5120K), 4 survivors (4096K)
 Metaspace       used 59419K, committed 60096K, reserved 1114112K
  class space    used 7800K, committed 8128K, reserved 1048576K
}
Event: 18.469 GC heap after
{Heap after GC invocations=17 (full 0):
 garbage-first heap   total 58368K, used 25277K [0x00000000c3200000, 0x0000000100000000)
  region size 1024K, 2 young (2048K), 2 survivors (2048K)
 Metaspace       used 59419K, committed 60096K, reserved 1114112K
  class space    used 7800K, committed 8128K, reserved 1048576K
}
Event: 20.229 GC heap before
{Heap before GC invocations=18 (full 0):
 garbage-first heap   total 58368K, used 49853K [0x00000000c3200000, 0x0000000100000000)
  region size 1024K, 27 young (27648K), 2 survivors (2048K)
 Metaspace       used 63370K, committed 64064K, reserved 1114112K
  class space    used 8339K, committed 8640K, reserved 1048576K
}
Event: 20.239 GC heap after
{Heap after GC invocations=19 (full 0):
 garbage-first heap   total 58368K, used 27688K [0x00000000c3200000, 0x0000000100000000)
  region size 1024K, 4 young (4096K), 4 survivors (4096K)
 Metaspace       used 63370K, committed 64064K, reserved 1114112K
  class space    used 8339K, committed 8640K, reserved 1048576K
}
Event: 20.871 GC heap before
{Heap before GC invocations=19 (full 0):
 garbage-first heap   total 58368K, used 49192K [0x00000000c3200000, 0x0000000100000000)
  region size 1024K, 25 young (25600K), 4 survivors (4096K)
 Metaspace       used 63555K, committed 64192K, reserved 1114112K
  class space    used 8351K, committed 8640K, reserved 1048576K
}
Event: 20.884 GC heap after
{Heap after GC invocations=20 (full 0):
 garbage-first heap   total 58368K, used 27898K [0x00000000c3200000, 0x0000000100000000)
  region size 1024K, 1 young (1024K), 1 survivors (1024K)
 Metaspace       used 63555K, committed 64192K, reserved 1114112K
  class space    used 8351K, committed 8640K, reserved 1048576K
}
Event: 21.886 GC heap before
{Heap before GC invocations=20 (full 0):
 garbage-first heap   total 58368K, used 52474K [0x00000000c3200000, 0x0000000100000000)
  region size 1024K, 25 young (25600K), 1 survivors (1024K)
 Metaspace       used 66503K, committed 67200K, reserved 1114112K
  class space    used 8780K, committed 9088K, reserved 1048576K
}
Event: 21.896 GC heap after
{Heap after GC invocations=21 (full 0):
 garbage-first heap   total 58368K, used 30594K [0x00000000c3200000, 0x0000000100000000)
  region size 1024K, 4 young (4096K), 4 survivors (4096K)
 Metaspace       used 66503K, committed 67200K, reserved 1114112K
  class space    used 8780K, committed 9088K, reserved 1048576K
}

